0 verbose cli C:\Program Files\nodejs\node.exe C:\Users\fsanchez.NIPPONCARSRL\AppData\Roaming\npm\node_modules\npm\bin\npm-cli.js
1 info using npm@10.2.3
2 info using node@v22.22.0
3 timing npm:load:whichnode Completed in 4ms
4 timing config:load:defaults Completed in 4ms
5 timing config:load:file:C:\Users\fsanchez.NIPPONCARSRL\AppData\Roaming\npm\node_modules\npm\npmrc Completed in 5ms
6 timing config:load:builtin Completed in 6ms
7 timing config:load:cli Completed in 3ms
8 timing config:load:env Completed in 1ms
9 timing config:load:file:C:\apps\intraNIC\server\.npmrc Completed in 1ms
10 timing config:load:project Completed in 2ms
11 timing config:load:file:C:\Users\fsanchez.NIPPONCARSRL\.npmrc Completed in 0ms
12 timing config:load:user Completed in 0ms
13 timing config:load:file:C:\Users\fsanchez.NIPPONCARSRL\AppData\Roaming\npm\etc\npmrc Completed in 0ms
14 timing config:load:global Completed in 1ms
15 timing config:load:setEnvs Completed in 2ms
16 timing config:load Completed in 21ms
17 timing npm:load:configload Completed in 21ms
18 timing config:load:flatten Completed in 5ms
19 timing npm:load:mkdirpcache Completed in 1ms
20 timing npm:load:mkdirplogs Completed in 1ms
21 verbose title npm install multer xlsx @types/multer
22 verbose argv "install" "multer" "xlsx" "@types/multer"
23 timing npm:load:setTitle Completed in 1ms
24 timing npm:load:display Completed in 1ms
25 verbose logfile logs-max:10 dir:C:\apps\intraNIC\server\.npm-cache\_logs\2026-06-02T12_10_29_577Z-
26 verbose logfile C:\apps\intraNIC\server\.npm-cache\_logs\2026-06-02T12_10_29_577Z-debug-0.log
27 timing npm:load:logFile Completed in 17ms
28 timing npm:load:timers Completed in 0ms
29 timing npm:load:configScope Completed in 0ms
30 timing npm:load Completed in 76ms
31 timing arborist:ctor Completed in 1ms
32 silly logfile done cleaning log files
33 timing idealTree:init Completed in 165ms
34 timing idealTree:userRequests Completed in 3ms
35 silly idealTree buildDeps
36 silly fetch manifest multer@*
37 timing arborist:ctor Completed in 0ms
38 http fetch GET 200 https://registry.npmjs.org/multer 193ms (cache miss)
39 silly fetch manifest xlsx@*
40 http fetch GET 200 https://registry.npmjs.org/npm 454ms (cache miss)
41 http fetch GET 200 https://registry.npmjs.org/xlsx 287ms (cache miss)
42 silly fetch manifest @types/multer@*
43 http fetch GET 200 https://registry.npmjs.org/@types%2fmulter 509ms (cache miss)
44 silly placeDep ROOT @types/multer@2.1.0 OK for: server@1.0.0 want: *
45 silly placeDep ROOT multer@2.1.1 OK for: server@1.0.0 want: *
46 silly fetch manifest append-field@^1.0.0
47 silly fetch manifest busboy@^1.6.0
48 silly fetch manifest concat-stream@^2.0.0
49 silly fetch manifest type-is@^1.6.18
50 silly placeDep ROOT xlsx@0.18.5 OK for: server@1.0.0 want: *
51 silly fetch manifest cfb@~1.2.1
52 silly fetch manifest ssf@~0.11.2
53 silly fetch manifest wmf@~1.0.1
54 silly fetch manifest word@~0.3.0
55 silly fetch manifest crc-32@~1.2.1
56 silly fetch manifest adler-32@~1.3.0
57 silly fetch manifest codepage@~1.15.0
58 http fetch GET 200 https://registry.npmjs.org/busboy 107ms (cache miss)
59 http fetch GET 200 https://registry.npmjs.org/append-field 272ms (cache miss)
60 http fetch GET 200 https://registry.npmjs.org/ssf 379ms (cache miss)
61 http fetch GET 200 https://registry.npmjs.org/crc-32 383ms (cache miss)
62 http fetch GET 200 https://registry.npmjs.org/word 385ms (cache miss)
63 http fetch GET 200 https://registry.npmjs.org/adler-32 388ms (cache miss)
64 http fetch GET 200 https://registry.npmjs.org/concat-stream 395ms (cache miss)
65 http fetch GET 200 https://registry.npmjs.org/cfb 395ms (cache miss)
66 http fetch GET 200 https://registry.npmjs.org/wmf 394ms (cache miss)
67 http fetch GET 200 https://registry.npmjs.org/type-is 398ms (cache miss)
68 http fetch GET 200 https://registry.npmjs.org/codepage 396ms (cache miss)
69 timing idealTree:#root Completed in 1412ms
70 timing idealTree:node_modules/@types/multer Completed in 1ms
71 silly placeDep ROOT append-field@1.0.0 OK for: multer@2.1.1 want: ^1.0.0
72 silly placeDep ROOT busboy@1.6.0 OK for: multer@2.1.1 want: ^1.6.0
73 silly fetch manifest streamsearch@^1.1.0
74 silly placeDep ROOT concat-stream@2.0.0 OK for: multer@2.1.1 want: ^2.0.0
75 silly fetch manifest buffer-from@^1.0.0
76 silly fetch manifest readable-stream@^3.0.2
77 silly fetch manifest typedarray@^0.0.6
78 silly placeDep node_modules/multer type-is@1.6.18 OK for: multer@2.1.1 want: ^1.6.18
79 silly fetch manifest mime-types@~2.1.24
80 silly fetch manifest media-typer@0.3.0
81 http fetch GET 200 https://registry.npmjs.org/streamsearch 279ms (cache miss)
82 http fetch GET 200 https://registry.npmjs.org/typedarray 280ms (cache miss)
83 http fetch GET 200 https://registry.npmjs.org/buffer-from 285ms (cache miss)
84 http fetch GET 200 https://registry.npmjs.org/readable-stream 287ms (cache miss)
85 http fetch GET 200 https://registry.npmjs.org/mime-types 287ms (cache miss)
86 http fetch GET 200 https://registry.npmjs.org/media-typer 291ms (cache miss)
87 timing idealTree:node_modules/multer Completed in 305ms
88 timing idealTree:node_modules/append-field Completed in 0ms
89 silly placeDep ROOT streamsearch@1.1.0 OK for: busboy@1.6.0 want: ^1.1.0
90 timing idealTree:node_modules/busboy Completed in 2ms
91 silly placeDep ROOT buffer-from@1.1.2 OK for: concat-stream@2.0.0 want: ^1.0.0
92 silly placeDep node_modules/concat-stream readable-stream@3.6.2 OK for: concat-stream@2.0.0 want: ^3.0.2
93 silly fetch manifest util-deprecate@^1.0.1
94 silly placeDep ROOT typedarray@0.0.6 OK for: concat-stream@2.0.0 want: ^0.0.6
95 http fetch GET 200 https://registry.npmjs.org/util-deprecate 266ms (cache miss)
96 timing idealTree:node_modules/concat-stream Completed in 274ms
97 timing idealTree:node_modules/buffer-from Completed in 0ms
98 timing idealTree:node_modules/streamsearch Completed in 0ms
99 timing idealTree:node_modules/typedarray Completed in 0ms
100 silly placeDep ROOT adler-32@1.3.1 OK for: xlsx@0.18.5 want: ~1.3.0
101 silly placeDep ROOT cfb@1.2.2 OK for: xlsx@0.18.5 want: ~1.2.1
102 silly fetch manifest crc-32@~1.2.0
103 silly placeDep ROOT codepage@1.15.0 OK for: xlsx@0.18.5 want: ~1.15.0
104 silly placeDep ROOT crc-32@1.2.2 OK for: xlsx@0.18.5 want: ~1.2.1
105 silly placeDep ROOT ssf@0.11.2 OK for: xlsx@0.18.5 want: ~0.11.2
106 silly fetch manifest frac@~1.1.2
107 silly placeDep ROOT wmf@1.0.2 OK for: xlsx@0.18.5 want: ~1.0.1
108 silly placeDep ROOT word@0.3.0 OK for: xlsx@0.18.5 want: ~0.3.0
109 http fetch GET 200 https://registry.npmjs.org/frac 258ms (cache miss)
110 timing idealTree:node_modules/xlsx Completed in 269ms
111 timing idealTree:node_modules/adler-32 Completed in 0ms
112 timing idealTree:node_modules/cfb Completed in 0ms
113 timing idealTree:node_modules/codepage Completed in 0ms
114 timing idealTree:node_modules/crc-32 Completed in 0ms
115 silly placeDep ROOT frac@1.1.2 OK for: ssf@0.11.2 want: ~1.1.2
116 timing idealTree:node_modules/ssf Completed in 1ms
117 timing idealTree:node_modules/frac Completed in 0ms
118 timing idealTree:node_modules/wmf Completed in 0ms
119 timing idealTree:node_modules/word Completed in 0ms
120 silly placeDep ROOT util-deprecate@1.0.2 OK for: readable-stream@3.6.2 want: ^1.0.1
121 timing idealTree:node_modules/concat-stream/node_modules/readable-stream Completed in 1ms
122 timing idealTree:node_modules/util-deprecate Completed in 0ms
123 silly placeDep node_modules/multer media-typer@0.3.0 OK for: type-is@1.6.18 want: 0.3.0
124 silly placeDep node_modules/multer mime-types@2.1.35 OK for: type-is@1.6.18 want: ~2.1.24
125 silly fetch manifest mime-db@1.52.0
126 http fetch GET 200 https://registry.npmjs.org/mime-db 267ms (cache miss)
127 timing idealTree:node_modules/multer/node_modules/type-is Completed in 272ms
128 timing idealTree:node_modules/multer/node_modules/media-typer Completed in 0ms
129 silly placeDep node_modules/multer mime-db@1.52.0 OK for: mime-types@2.1.35 want: 1.52.0
130 timing idealTree:node_modules/multer/node_modules/mime-types Completed in 1ms
131 timing idealTree:node_modules/multer/node_modules/mime-db Completed in 0ms
132 timing idealTree:buildDeps Completed in 2539ms
133 timing idealTree:fixDepFlags Completed in 3ms
134 timing idealTree Completed in 2713ms
135 timing reify:loadTrees Completed in 2716ms
136 timing reify:diffTrees Completed in 15ms
137 silly reify moves {}
138 timing reify:retireShallow Completed in 0ms
139 timing reify:createSparse Completed in 8ms
140 timing reify:loadBundles Completed in 0ms
141 silly audit bulk request {
141 silly audit   '@azure-rest/core-client': [ '2.5.1' ],
141 silly audit   '@azure/abort-controller': [ '2.1.2' ],
141 silly audit   '@azure/core-auth': [ '1.10.1' ],
141 silly audit   '@azure/core-client': [ '1.10.1' ],
141 silly audit   '@azure/core-http-compat': [ '2.3.2' ],
141 silly audit   '@azure/core-lro': [ '2.7.2' ],
141 silly audit   '@azure/core-paging': [ '1.6.2' ],
141 silly audit   '@azure/core-rest-pipeline': [ '1.22.2' ],
141 silly audit   '@azure/core-tracing': [ '1.3.1' ],
141 silly audit   '@azure/core-util': [ '1.13.1' ],
141 silly audit   '@azure/identity': [ '4.13.0' ],
141 silly audit   '@azure/keyvault-common': [ '2.0.0' ],
141 silly audit   '@azure/keyvault-keys': [ '4.10.0' ],
141 silly audit   '@azure/logger': [ '1.3.0' ],
141 silly audit   '@azure/msal-browser': [ '4.29.0' ],
141 silly audit   '@azure/msal-common': [ '15.15.0' ],
141 silly audit   '@azure/msal-node': [ '3.8.8' ],
141 silly audit   '@cspotcode/source-map-support': [ '0.8.1' ],
141 silly audit   '@jridgewell/resolve-uri': [ '3.1.2' ],
141 silly audit   '@jridgewell/sourcemap-codec': [ '1.5.5' ],
141 silly audit   '@jridgewell/trace-mapping': [ '0.3.9' ],
141 silly audit   '@js-joda/core': [ '5.7.0' ],
141 silly audit   '@mongodb-js/saslprep': [ '1.4.6' ],
141 silly audit   '@tsconfig/node10': [ '1.0.12' ],
141 silly audit   '@tsconfig/node12': [ '1.0.11' ],
141 silly audit   '@tsconfig/node14': [ '1.0.3' ],
141 silly audit   '@tsconfig/node16': [ '1.0.4' ],
141 silly audit   '@types/bcrypt': [ '6.0.0' ],
141 silly audit   '@types/body-parser': [ '1.19.6' ],
141 silly audit   '@types/connect': [ '3.4.38' ],
141 silly audit   '@types/cors': [ '2.8.19' ],
141 silly audit   '@types/debug': [ '4.1.12' ],
141 silly audit   '@types/express': [ '5.0.6' ],
141 silly audit   '@types/express-serve-static-core': [ '5.1.1' ],
141 silly audit   '@types/http-errors': [ '2.0.5' ],
141 silly audit   '@types/jsonwebtoken': [ '9.0.10' ],
141 silly audit   '@types/ms': [ '2.1.0' ],
141 silly audit   '@types/node': [ '25.3.3' ],
141 silly audit   '@types/nodemailer': [ '8.0.0' ],
141 silly audit   '@types/qs': [ '6.14.0' ],
141 silly audit   '@types/range-parser': [ '1.2.7' ],
141 silly audit   '@types/readable-stream': [ '4.0.23' ],
141 silly audit   '@types/send': [ '1.2.1' ],
141 silly audit   '@types/serve-static': [ '2.2.0' ],
141 silly audit   '@types/validator': [ '13.15.10' ],
141 silly audit   '@types/webidl-conversions': [ '7.0.3' ],
141 silly audit   '@types/whatwg-url': [ '13.0.0' ],
141 silly audit   '@typespec/ts-http-runtime': [ '0.3.3' ],
141 silly audit   'abort-controller': [ '3.0.0' ],
141 silly audit   accepts: [ '2.0.0' ],
141 silly audit   acorn: [ '8.16.0' ],
141 silly audit   'acorn-walk': [ '8.3.5' ],
141 silly audit   'agent-base': [ '7.1.4' ],
141 silly audit   anymatch: [ '3.1.3' ],
141 silly audit   arg: [ '4.1.3' ],
141 silly audit   'balanced-match': [ '4.0.4' ],
141 silly audit   'base64-js': [ '1.5.1' ],
141 silly audit   bcrypt: [ '6.0.0' ],
141 silly audit   'binary-extensions': [ '2.3.0' ],
141 silly audit   bl: [ '6.1.6' ],
141 silly audit   'body-parser': [ '2.2.2' ],
141 silly audit   'brace-expansion': [ '5.0.4' ],
141 silly audit   braces: [ '3.0.3' ],
141 silly audit   bson: [ '7.2.0' ],
141 silly audit   buffer: [ '6.0.3' ],
141 silly audit   'buffer-equal-constant-time': [ '1.0.1' ],
141 silly audit   'bundle-name': [ '4.1.0' ],
141 silly audit   bytes: [ '3.1.2' ],
141 silly audit   'call-bind-apply-helpers': [ '1.0.2' ],
141 silly audit   'call-bound': [ '1.0.4' ],
141 silly audit   chokidar: [ '3.6.0' ],
141 silly audit   colors: [ '1.4.0' ],
141 silly audit   'content-disposition': [ '1.0.1' ],
141 silly audit   'content-type': [ '1.0.5' ],
141 silly audit   cookie: [ '0.7.2' ],
141 silly audit   'cookie-signature': [ '1.2.2' ],
141 silly audit   cors: [ '2.8.6' ],
141 silly audit   'create-require': [ '1.1.1' ],
141 silly audit   debug: [ '4.4.3' ],
141 silly audit   'default-browser': [ '5.5.0' ],
141 silly audit   'default-browser-id': [ '5.0.1' ],
141 silly audit   'define-lazy-prop': [ '3.0.0' ],
141 silly audit   depd: [ '2.0.0' ],
141 silly audit   diff: [ '4.0.4' ],
141 silly audit   dotenv: [ '17.3.1' ],
141 silly audit   dottie: [ '2.0.7' ],
141 silly audit   'dunder-proto': [ '1.0.1' ],
141 silly audit   'ecdsa-sig-formatter': [ '1.0.11' ],
141 silly audit   'ee-first': [ '1.1.1' ],
141 silly audit   encodeurl: [ '2.0.0' ],
141 silly audit   'es-define-property': [ '1.0.1' ],
141 silly audit   'es-errors': [ '1.3.0' ],
141 silly audit   'es-object-atoms': [ '1.1.1' ],
141 silly audit   'escape-html': [ '1.0.3' ],
141 silly audit   etag: [ '1.8.1' ],
141 silly audit   'event-target-shim': [ '5.0.1' ],
141 silly audit   events: [ '3.3.0' ],
141 silly audit   express: [ '5.2.1' ],
141 silly audit   'fill-range': [ '7.1.1' ],
141 silly audit   finalhandler: [ '2.1.1' ],
141 silly audit   forwarded: [ '0.2.0' ],
141 silly audit   fresh: [ '2.0.0' ],
141 silly audit   fsevents: [ '2.3.3' ],
141 silly audit   'function-bind': [ '1.1.2' ],
141 silly audit   'get-intrinsic': [ '1.3.0' ],
141 silly audit   'get-proto': [ '1.0.1' ],
141 silly audit   'glob-parent': [ '5.1.2' ],
141 silly audit   gopd: [ '1.2.0' ],
141 silly audit   'has-flag': [ '3.0.0' ],
141 silly audit   'has-symbols': [ '1.1.0' ],
141 silly audit   hasown: [ '2.0.2' ],
141 silly audit   'http-errors': [ '2.0.1' ],
141 silly audit   'http-proxy-agent': [ '7.0.2' ],
141 silly audit   'https-proxy-agent': [ '7.0.6' ],
141 silly audit   'iconv-lite': [ '0.7.2' ],
141 silly audit   ieee754: [ '1.2.1' ],
141 silly audit   'ignore-by-default': [ '1.0.1' ],
141 silly audit   inflection: [ '1.13.4' ],
141 silly audit   inherits: [ '2.0.4' ],
141 silly audit   'ipaddr.js': [ '1.9.1' ],
141 silly audit   'is-binary-path': [ '2.1.0' ],
141 silly audit   'is-docker': [ '3.0.0' ],
141 silly audit   'is-extglob': [ '2.1.1' ],
141 silly audit   'is-glob': [ '4.0.3' ],
141 silly audit   'is-inside-container': [ '1.0.0' ],
141 silly audit   'is-number': [ '7.0.0' ],
141 silly audit   'is-promise': [ '4.0.0' ],
141 silly audit   'is-wsl': [ '3.1.1' ],
141 silly audit   'js-md4': [ '0.3.2' ],
141 silly audit   jsonwebtoken: [ '9.0.3' ],
141 silly audit   jwa: [ '2.0.1' ],
141 silly audit   jws: [ '4.0.1' ],
141 silly audit   kareem: [ '3.2.0' ],
141 silly audit   lodash: [ '4.17.23' ],
141 silly audit   'lodash.includes': [ '4.3.0' ],
141 silly audit   'lodash.isboolean': [ '3.0.3' ],
141 silly audit   'lodash.isinteger': [ '4.0.4' ],
141 silly audit   'lodash.isnumber': [ '3.0.3' ],
141 silly audit   'lodash.isplainobject': [ '4.0.6' ],
141 silly audit   'lodash.isstring': [ '4.0.1' ],
141 silly audit   'lodash.once': [ '4.1.1' ],
141 silly audit   'make-error': [ '1.3.6' ],
141 silly audit   'math-intrinsics': [ '1.1.0' ],
141 silly audit   'media-typer': [ '1.1.0', '0.3.0' ],
141 silly audit   'memory-pager': [ '1.5.0' ],
141 silly audit   'merge-descriptors': [ '2.0.0' ],
141 silly audit   'mime-db': [ '1.54.0', '1.52.0' ],
141 silly audit   'mime-types': [ '3.0.2', '2.1.35' ],
141 silly audit   minimatch: [ '10.2.4' ],
141 silly audit   moment: [ '2.30.1' ],
141 silly audit   'moment-timezone': [ '0.5.48' ],
141 silly audit   mongodb: [ '7.0.0' ],
141 silly audit   'mongodb-connection-string-url': [ '7.0.1' ],
141 silly audit   mongoose: [ '9.2.4' ],
141 silly audit   mpath: [ '0.9.0' ],
141 silly audit   mquery: [ '6.0.0' ],
141 silly audit   ms: [ '2.1.3' ],
141 silly audit   'native-duplexpair': [ '1.0.0' ],
141 silly audit   negotiator: [ '1.0.0' ],
141 silly audit   'node-addon-api': [ '8.6.0' ],
141 silly audit   'node-gyp-build': [ '4.8.4' ],
141 silly audit   nodemailer: [ '8.0.7' ],
141 silly audit   nodemon: [ '3.1.14' ],
141 silly audit   'normalize-path': [ '3.0.0' ],
141 silly audit   'object-assign': [ '4.1.1' ],
141 silly audit   'object-inspect': [ '1.13.4' ],
141 silly audit   'on-finished': [ '2.4.1' ],
141 silly audit   once: [ '1.4.0' ],
141 silly audit   open: [ '10.2.0' ],
141 silly audit   parseurl: [ '1.3.3' ],
141 silly audit   'path-to-regexp': [ '8.3.0' ],
141 silly audit   'pg-connection-string': [ '2.12.0' ],
141 silly audit   picomatch: [ '2.3.1' ],
141 silly audit   process: [ '0.11.10' ],
141 silly audit   'proxy-addr': [ '2.0.7' ],
141 silly audit   'pstree.remy': [ '1.1.8' ],
141 silly audit   punycode: [ '2.3.1' ],
141 silly audit   qs: [ '6.15.0' ],
141 silly audit   'range-parser': [ '1.2.1' ],
141 silly audit   'raw-body': [ '3.0.2' ],
141 silly audit   'readable-stream': [ '4.7.0', '3.6.2' ],
141 silly audit   readdirp: [ '3.6.0' ],
141 silly audit   'retry-as-promised': [ '7.1.1' ],
141 silly audit   router: [ '2.2.0' ],
141 silly audit   'run-applescript': [ '7.1.0' ],
141 silly audit   'safe-buffer': [ '5.2.1' ],
141 silly audit   'safer-buffer': [ '2.1.2' ],
141 silly audit   semver: [ '7.7.4' ],
141 silly audit   send: [ '1.2.1' ],
141 silly audit   sequelize: [ '6.37.7' ],
141 silly audit   'sequelize-pool': [ '7.1.0' ],
141 silly audit   'serve-static': [ '2.2.1' ],
141 silly audit   setprototypeof: [ '1.2.0' ],
141 silly audit   'side-channel': [ '1.1.0' ],
141 silly audit   'side-channel-list': [ '1.0.0' ],
141 silly audit   'side-channel-map': [ '1.0.1' ],
141 silly audit   'side-channel-weakmap': [ '1.0.2' ],
141 silly audit   sift: [ '17.1.3' ],
141 silly audit   'simple-update-notifier': [ '2.0.0' ],
141 silly audit   'sparse-bitfield': [ '3.0.3' ],
141 silly audit   'sprintf-js': [ '1.1.3' ],
141 silly audit   statuses: [ '2.0.2' ],
141 silly audit   string_decoder: [ '1.3.0' ],
141 silly audit   'supports-color': [ '5.5.0' ],
141 silly audit   tedious: [ '19.2.1' ],
141 silly audit   'to-regex-range': [ '5.0.1' ],
141 silly audit   toidentifier: [ '1.0.1' ],
141 silly audit   'toposort-class': [ '1.0.1' ],
141 silly audit   touch: [ '3.1.1' ],
141 silly audit   tr46: [ '5.1.1' ],
141 silly audit   'ts-node': [ '10.9.2' ],
141 silly audit   tslib: [ '2.8.1' ],
141 silly audit   'type-is': [ '2.0.1', '1.6.18' ],
141 silly audit   typescript: [ '5.9.3' ],
141 silly audit   undefsafe: [ '2.0.5' ],
141 silly audit   'undici-types': [ '7.18.2' ],
141 silly audit   unpipe: [ '1.0.0' ],
141 silly audit   uuid: [ '8.3.2' ],
141 silly audit   'v8-compile-cache-lib': [ '3.0.1' ],
141 silly audit   validator: [ '13.15.26' ],
141 silly audit   vary: [ '1.1.2' ],
141 silly audit   'webidl-conversions': [ '7.0.0' ],
141 silly audit   'whatwg-url': [ '14.2.0' ],
141 silly audit   wkx: [ '0.5.0' ],
141 silly audit   wrappy: [ '1.0.2' ],
141 silly audit   'wsl-utils': [ '0.1.0' ],
141 silly audit   yn: [ '3.1.1' ],
141 silly audit   '@types/multer': [ '2.1.0' ],
141 silly audit   multer: [ '2.1.1' ],
141 silly audit   xlsx: [ '0.18.5' ],
141 silly audit   'append-field': [ '1.0.0' ],
141 silly audit   busboy: [ '1.6.0' ],
141 silly audit   'concat-stream': [ '2.0.0' ],
141 silly audit   streamsearch: [ '1.1.0' ],
141 silly audit   'buffer-from': [ '1.1.2' ],
141 silly audit   typedarray: [ '0.0.6' ],
141 silly audit   'adler-32': [ '1.3.1' ],
141 silly audit   cfb: [ '1.2.2' ],
141 silly audit   codepage: [ '1.15.0' ],
141 silly audit   'crc-32': [ '1.2.2' ],
141 silly audit   ssf: [ '0.11.2' ],
141 silly audit   wmf: [ '1.0.2' ],
141 silly audit   word: [ '0.3.0' ],
141 silly audit   frac: [ '1.1.2' ],
141 silly audit   'util-deprecate': [ '1.0.2' ]
141 silly audit }
142 verbose reify failed optional dependency C:\apps\intraNIC\server\node_modules\fsevents
143 silly reify mark deleted [ 'C:\\apps\\intraNIC\\server\\node_modules\\fsevents' ]
144 timing reifyNode:node_modules/fsevents Completed in 6ms
145 silly tarball no local data for util-deprecate@https://registry.npmjs.org/util-deprecate/-/util-deprecate-1.0.2.tgz. Extracting by manifest.
146 silly tarball no local data for wmf@https://registry.npmjs.org/wmf/-/wmf-1.0.2.tgz. Extracting by manifest.
147 silly tarball no local data for frac@https://registry.npmjs.org/frac/-/frac-1.1.2.tgz. Extracting by manifest.
148 silly tarball no local data for word@https://registry.npmjs.org/word/-/word-0.3.0.tgz. Extracting by manifest.
149 silly tarball no local data for ssf@https://registry.npmjs.org/ssf/-/ssf-0.11.2.tgz. Extracting by manifest.
150 silly tarball no local data for codepage@https://registry.npmjs.org/codepage/-/codepage-1.15.0.tgz. Extracting by manifest.
151 silly tarball no local data for adler-32@https://registry.npmjs.org/adler-32/-/adler-32-1.3.1.tgz. Extracting by manifest.
152 silly tarball no local data for cfb@https://registry.npmjs.org/cfb/-/cfb-1.2.2.tgz. Extracting by manifest.
153 silly tarball no local data for streamsearch@https://registry.npmjs.org/streamsearch/-/streamsearch-1.1.0.tgz. Extracting by manifest.
154 silly tarball no local data for typedarray@https://registry.npmjs.org/typedarray/-/typedarray-0.0.6.tgz. Extracting by manifest.
155 silly tarball no local data for buffer-from@https://registry.npmjs.org/buffer-from/-/buffer-from-1.1.2.tgz. Extracting by manifest.
156 silly tarball no local data for append-field@https://registry.npmjs.org/append-field/-/append-field-1.0.0.tgz. Extracting by manifest.
157 silly tarball no local data for concat-stream@https://registry.npmjs.org/concat-stream/-/concat-stream-2.0.0.tgz. Extracting by manifest.
158 silly tarball no local data for @types/multer@https://registry.npmjs.org/@types/multer/-/multer-2.1.0.tgz. Extracting by manifest.
159 silly tarball no local data for busboy@https://registry.npmjs.org/busboy/-/busboy-1.6.0.tgz. Extracting by manifest.
160 silly tarball no local data for crc-32@https://registry.npmjs.org/crc-32/-/crc-32-1.2.2.tgz. Extracting by manifest.
161 silly tarball no local data for xlsx@https://registry.npmjs.org/xlsx/-/xlsx-0.18.5.tgz. Extracting by manifest.
162 silly tarball no local data for multer@https://registry.npmjs.org/multer/-/multer-2.1.1.tgz. Extracting by manifest.
163 silly tarball no local data for readable-stream@https://registry.npmjs.org/readable-stream/-/readable-stream-3.6.2.tgz. Extracting by manifest.
164 silly tarball no local data for mime-db@https://registry.npmjs.org/mime-db/-/mime-db-1.52.0.tgz. Extracting by manifest.
165 silly tarball no local data for mime-types@https://registry.npmjs.org/mime-types/-/mime-types-2.1.35.tgz. Extracting by manifest.
166 silly tarball no local data for type-is@https://registry.npmjs.org/type-is/-/type-is-1.6.18.tgz. Extracting by manifest.
167 silly tarball no local data for media-typer@https://registry.npmjs.org/media-typer/-/media-typer-0.3.0.tgz. Extracting by manifest.
168 http fetch POST 200 https://registry.npmjs.org/-/npm/v1/security/advisories/bulk 390ms
169 timing auditReport:getReport Completed in 394ms
170 silly audit report {
170 silly audit report   'brace-expansion': [
170 silly audit report     {
170 silly audit report       id: 1119088,
170 silly audit report       url: 'https://github.com/advisories/GHSA-jxxr-4gwj-5jf2',
170 silly audit report       title: 'brace-expansion: Large numeric range defeats documented `max` DoS protection',
170 silly audit report       severity: 'moderate',
170 silly audit report       vulnerable_versions: '>=5.0.0 <5.0.6',
170 silly audit report       cwe: [Array],
170 silly audit report       cvss: [Object]
170 silly audit report     },
170 silly audit report     {
170 silly audit report       id: 1115543,
170 silly audit report       url: 'https://github.com/advisories/GHSA-f886-m6hf-6m8v',
170 silly audit report       title: 'brace-expansion: Zero-step sequence causes process hang and memory exhaustion',
170 silly audit report       severity: 'moderate',
170 silly audit report       vulnerable_versions: '>=4.0.0 <5.0.5',
170 silly audit report       cwe: [Array],
170 silly audit report       cvss: [Object]
170 silly audit report     }
170 silly audit report   ],
170 silly audit report   lodash: [
170 silly audit report     {
170 silly audit report       id: 1115806,
170 silly audit report       url: 'https://github.com/advisories/GHSA-r5fr-rjxr-66jc',
170 silly audit report       title: 'lodash vulnerable to Code Injection via `_.template` imports key names',
170 silly audit report       severity: 'high',
170 silly audit report       vulnerable_versions: '>=4.0.0 <=4.17.23',
170 silly audit report       cwe: [Array],
170 silly audit report       cvss: [Object]
170 silly audit report     },
170 silly audit report     {
170 silly audit report       id: 1115810,
170 silly audit report       url: 'https://github.com/advisories/GHSA-f23m-r3pf-42rh',
170 silly audit report       title: 'lodash vulnerable to Prototype Pollution via array path bypass in `_.unset` and `_.omit`',
170 silly audit report       severity: 'moderate',
170 silly audit report       vulnerable_versions: '<=4.17.23',
170 silly audit report       cwe: [Array],
170 silly audit report       cvss: [Object]
170 silly audit report     }
170 silly audit report   ],
170 silly audit report   'path-to-regexp': [
170 silly audit report     {
170 silly audit report       id: 1115573,
170 silly audit report       url: 'https://github.com/advisories/GHSA-j3q9-mxjg-w52f',
170 silly audit report       title: 'path-to-regexp vulnerable to Denial of Service via sequential optional groups',
170 silly audit report       severity: 'high',
170 silly audit report       vulnerable_versions: '>=8.0.0 <8.4.0',
170 silly audit report       cwe: [Array],
170 silly audit report       cvss: [Object]
170 silly audit report     },
170 silly audit report     {
170 silly audit report       id: 1115582,
170 silly audit report       url: 'https://github.com/advisories/GHSA-27v5-c462-wpq7',
170 silly audit report       title: 'path-to-regexp vulnerable to Regular Expression Denial of Service via multiple wildcards',
170 silly audit report       severity: 'moderate',
170 silly audit report       vulnerable_versions: '>=8.0.0 <8.4.0',
170 silly audit report       cwe: [Array],
170 silly audit report       cvss: [Object]
170 silly audit report     }
170 silly audit report   ],
170 silly audit report   picomatch: [
170 silly audit report     {
170 silly audit report       id: 1115549,
170 silly audit report       url: 'https://github.com/advisories/GHSA-3v7f-55p6-f55p',
170 silly audit report       title: 'Picomatch: Method Injection in POSIX Character Classes causes incorrect Glob Matching',
170 silly audit report       severity: 'moderate',
170 silly audit report       vulnerable_versions: '<2.3.2',
170 silly audit report       cwe: [Array],
170 silly audit report       cvss: [Object]
170 silly audit report     },
170 silly audit report     {
170 silly audit report       id: 1115552,
170 silly audit report       url: 'https://github.com/advisories/GHSA-c2c7-rcm5-vvqj',
170 silly audit report       title: 'Picomatch has a ReDoS vulnerability via extglob quantifiers',
170 silly audit report       severity: 'high',
170 silly audit report       vulnerable_versions: '<2.3.2',
170 silly audit report       cwe: [Array],
170 silly audit report       cvss: [Object]
170 silly audit report     }
170 silly audit report   ],
170 silly audit report   qs: [
170 silly audit report     {
170 silly audit report       id: 1119502,
170 silly audit report       url: 'https://github.com/advisories/GHSA-q8mj-m7cp-5q26',
170 silly audit report       title: 'qs has a remotely triggerable DoS: qs.stringify crashes with TypeError on null/undefined entries in comma-format arrays when encodeValuesOnly is set',
170 silly audit report       severity: 'moderate',
170 silly audit report       vulnerable_versions: '>=6.11.1 <=6.15.1',
170 silly audit report       cwe: [Array],
170 silly audit report       cvss: [Object]
170 silly audit report     }
170 silly audit report   ],
170 silly audit report   sequelize: [
170 silly audit report     {
170 silly audit report       id: 1114318,
170 silly audit report       url: 'https://github.com/advisories/GHSA-6457-6jrx-69cr',
170 silly audit report       title: 'Sequelize v6 Vulnerable to SQL Injection via JSON Column Cast Type',
170 silly audit report       severity: 'high',
170 silly audit report       vulnerable_versions: '>=6.0.0-beta.1 <=6.37.7',
170 silly audit report       cwe: [Array],
170 silly audit report       cvss: [Object]
170 silly audit report     }
170 silly audit report   ],
170 silly audit report   uuid: [
170 silly audit report     {
170 silly audit report       id: 1119441,
170 silly audit report       url: 'https://github.com/advisories/GHSA-w5hq-g745-h8pq',
170 silly audit report       title: 'uuid: Missing buffer bounds check in v3/v5/v6 when buf is provided',
170 silly audit report       severity: 'moderate',
170 silly audit report       vulnerable_versions: '<11.1.1',
170 silly audit report       cwe: [Array],
170 silly audit report       cvss: [Object]
170 silly audit report     }
170 silly audit report   ],
170 silly audit report   xlsx: [
170 silly audit report     {
170 silly audit report       id: 1108110,
170 silly audit report       url: 'https://github.com/advisories/GHSA-4r6h-8v6p-xvw6',
170 silly audit report       title: 'Prototype Pollution in sheetJS',
170 silly audit report       severity: 'high',
170 silly audit report       vulnerable_versions: '<0.19.3',
170 silly audit report       cwe: [Array],
170 silly audit report       cvss: [Object]
170 silly audit report     },
170 silly audit report     {
170 silly audit report       id: 1108111,
170 silly audit report       url: 'https://github.com/advisories/GHSA-5pgg-2g8v-p4x9',
170 silly audit report       title: 'SheetJS Regular Expression Denial of Service (ReDoS)',
170 silly audit report       severity: 'high',
170 silly audit report       vulnerable_versions: '<0.20.2',
170 silly audit report       cwe: [Array],
170 silly audit report       cvss: [Object]
170 silly audit report     }
170 silly audit report   ]
170 silly audit report }
171 timing metavuln:packument:xlsx Completed in 1ms
172 timing metavuln:cache:get:security-advisory:brace-expansion:C4KPZP2ckDqb4nC9t16WqRz9gHVKgEUhKQOmesTnPGidD2+QM0FrxEBjx9oxcYytMJadXz72VYYla89np90+Bg== Completed in 14ms
173 timing metavuln:cache:get:security-advisory:brace-expansion:X+2z5DmMLLtwcvbDUIIjlBiuIe1FsJr11BHH+Ya9VXvIONFkKQYgmP974CbVQDuFz9UTSVTqC37pXxmuKfUHmw== Completed in 13ms
174 timing metavuln:cache:get:security-advisory:lodash:DNnxUw8Ep7p1YCAJl4A30HMQmsK3uaHxA5fhfuTpXJUBgCvmZbKGD7OWAcfQ2u+fc9lY6ap1BhHpARF9oEarxQ== Completed in 13ms
175 timing metavuln:cache:get:security-advisory:lodash:thshZSsl03tivWaq68PzU+tj1Rdgd6ZGN992B7QB+2oylByv6bvG8a/FXYANJwK5kybQ7+c0hg18JSj4gYikrg== Completed in 12ms
176 timing metavuln:cache:get:security-advisory:path-to-regexp:wYg22v1NfNY6WIsBiruQsrpd8+Ecg01qP1ndZVzVqkuraEYAqQXQwLJeDomBFbS+6cgu5Es7iYz9S6VvR56mIA== Completed in 13ms
177 timing metavuln:cache:get:security-advisory:path-to-regexp:Sjg1UmmfeOw94MZlAcS3ii61l7C6ePzOlxjnssfD9vvuERRlOOked+o2XX0qGupUQ/tGaWbM+XpD1eyo8MMmNw== Completed in 13ms
178 timing metavuln:cache:get:security-advisory:picomatch:GSQ5ghUF1JWDKMssoydWDVRebjlPePRwktLhrdWzXCq5xeBXdo4Cm9HGHnH2b6P1Nq93YjwPmimVjAx6kge32A== Completed in 13ms
179 timing metavuln:cache:get:security-advisory:picomatch:H8EHkZXRRUdil3DyUl8tc8lCQUliQzjc5H5D4llqFojH152sBqO1suz3XiNiRQT++wJdWkgXe/zFc/Bbrrz6ng== Completed in 12ms
180 timing metavuln:cache:get:security-advisory:qs:qvnFu5Nxt6nk4ZnzBM90Jkp6uhl+WmmOIhp+23qQRnTmnSs41hgsdsDx5uj/JdS2OgYbGnp6tGqfy7F4YN2CIQ== Completed in 12ms
181 timing metavuln:cache:get:security-advisory:sequelize:wjhMoLZiiqIacD4+V2lI9921Z2ZeJryL/EpzUzvbYcIegwFDJzNWjjO/YQBa50uUmoyjfCuJxHX0z9qwD769Dg== Completed in 11ms
182 timing metavuln:cache:get:security-advisory:uuid:fjKShcKspemxj7050oTyq4F6Ys6oXOzZoO3QUapp6PgJCcrmTMbXQaxkcJ1QLLNHzsQ9sgLuhrlezjv+hoSUhg== Completed in 10ms
183 timing metavuln:cache:get:security-advisory:xlsx:swOxmZADZpt7eHfn64Mi1dWv/TgPtf/jP8wYjroBAL7VARwb4IxiG3QjP82lizsySczW06PmrC02c1NL6qfAzQ== Completed in 10ms
184 timing metavuln:load:security-advisory:xlsx:1108110 Completed in 7ms
185 timing metavuln:cache:get:security-advisory:xlsx:Vu58ogjFbCN4Q9DesKCH1iyvqHHd3/98MmWqkGo00tnXQgkenwl3+dfcbbqZqjpDVdvuVn0DxQ1UNghJIRKmqw== Completed in 19ms
186 timing metavuln:load:security-advisory:xlsx:1108111 Completed in 3ms
187 http fetch GET 200 https://registry.npmjs.org/util-deprecate/-/util-deprecate-1.0.2.tgz 434ms (cache miss)
188 timing reifyNode:node_modules/util-deprecate Completed in 470ms
189 http fetch GET 200 https://registry.npmjs.org/word/-/word-0.3.0.tgz 465ms (cache miss)
190 timing reifyNode:node_modules/word Completed in 485ms
191 http fetch GET 200 https://registry.npmjs.org/concat-stream/-/concat-stream-2.0.0.tgz 519ms (cache miss)
192 timing reifyNode:node_modules/concat-stream Completed in 545ms
193 http fetch GET 200 https://registry.npmjs.org/media-typer/-/media-typer-0.3.0.tgz 510ms (cache miss)
194 http fetch GET 200 https://registry.npmjs.org/buffer-from/-/buffer-from-1.1.2.tgz 526ms (cache miss)
195 timing reifyNode:node_modules/buffer-from Completed in 551ms
196 timing reifyNode:node_modules/multer/node_modules/media-typer Completed in 552ms
197 http fetch GET 200 https://registry.npmjs.org/typedarray/-/typedarray-0.0.6.tgz 536ms (cache miss)
198 timing metavuln:cache:put:security-advisory:xlsx:swOxmZADZpt7eHfn64Mi1dWv/TgPtf/jP8wYjroBAL7VARwb4IxiG3QjP82lizsySczW06PmrC02c1NL6qfAzQ== Completed in 153ms
199 timing metavuln:calculate:security-advisory:xlsx:1108110 Completed in 172ms
200 timing metavuln:cache:put:security-advisory:xlsx:Vu58ogjFbCN4Q9DesKCH1iyvqHHd3/98MmWqkGo00tnXQgkenwl3+dfcbbqZqjpDVdvuVn0DxQ1UNghJIRKmqw== Completed in 149ms
201 timing metavuln:calculate:security-advisory:xlsx:1108111 Completed in 172ms
202 http fetch GET 200 https://registry.npmjs.org/streamsearch/-/streamsearch-1.1.0.tgz 547ms (cache miss)
203 timing reifyNode:node_modules/streamsearch Completed in 571ms
204 timing reifyNode:node_modules/typedarray Completed in 572ms
205 http fetch GET 200 https://registry.npmjs.org/type-is/-/type-is-1.6.18.tgz 540ms (cache miss)
206 timing reifyNode:node_modules/multer/node_modules/type-is Completed in 573ms
207 http fetch GET 200 https://registry.npmjs.org/adler-32/-/adler-32-1.3.1.tgz 567ms (cache miss)
208 timing reifyNode:node_modules/adler-32 Completed in 589ms
209 http fetch GET 200 https://registry.npmjs.org/append-field/-/append-field-1.0.0.tgz 567ms (cache miss)
210 http fetch GET 200 https://registry.npmjs.org/frac/-/frac-1.1.2.tgz 577ms (cache miss)
211 http fetch GET 200 https://registry.npmjs.org/ssf/-/ssf-0.11.2.tgz 579ms (cache miss)
212 http fetch GET 200 https://registry.npmjs.org/picomatch 208ms (cache miss)
213 timing metavuln:packument:picomatch Completed in 210ms
214 timing metavuln:load:security-advisory:picomatch:1115549 Completed in 1ms
215 timing metavuln:load:security-advisory:picomatch:1115552 Completed in 1ms
216 timing reifyNode:node_modules/append-field Completed in 607ms
217 timing reifyNode:node_modules/frac Completed in 609ms
218 timing reifyNode:node_modules/ssf Completed in 614ms
219 http fetch GET 200 https://registry.npmjs.org/brace-expansion 227ms (cache miss)
220 timing metavuln:packument:brace-expansion Completed in 229ms
221 timing metavuln:load:security-advisory:brace-expansion:1119088 Completed in 1ms
222 timing metavuln:load:security-advisory:brace-expansion:1115543 Completed in 1ms
223 http fetch GET 200 https://registry.npmjs.org/wmf/-/wmf-1.0.2.tgz 608ms (cache miss)
224 timing reifyNode:node_modules/wmf Completed in 636ms
225 http fetch GET 200 https://registry.npmjs.org/@types/multer/-/multer-2.1.0.tgz 614ms (cache miss)
226 timing reifyNode:node_modules/@types/multer Completed in 639ms
227 http fetch GET 200 https://registry.npmjs.org/crc-32/-/crc-32-1.2.2.tgz 648ms (cache miss)
228 timing reifyNode:node_modules/crc-32 Completed in 674ms
229 timing metavuln:cache:put:security-advisory:picomatch:H8EHkZXRRUdil3DyUl8tc8lCQUliQzjc5H5D4llqFojH152sBqO1suz3XiNiRQT++wJdWkgXe/zFc/Bbrrz6ng== Completed in 88ms
230 timing metavuln:calculate:security-advisory:picomatch:1115552 Completed in 299ms
231 timing metavuln:cache:put:security-advisory:picomatch:GSQ5ghUF1JWDKMssoydWDVRebjlPePRwktLhrdWzXCq5xeBXdo4Cm9HGHnH2b6P1Nq93YjwPmimVjAx6kge32A== Completed in 94ms
232 timing metavuln:calculate:security-advisory:picomatch:1115549 Completed in 305ms
233 timing metavuln:cache:put:security-advisory:brace-expansion:X+2z5DmMLLtwcvbDUIIjlBiuIe1FsJr11BHH+Ya9VXvIONFkKQYgmP974CbVQDuFz9UTSVTqC37pXxmuKfUHmw== Completed in 88ms
234 timing metavuln:calculate:security-advisory:brace-expansion:1115543 Completed in 318ms
235 timing metavuln:cache:put:security-advisory:brace-expansion:C4KPZP2ckDqb4nC9t16WqRz9gHVKgEUhKQOmesTnPGidD2+QM0FrxEBjx9oxcYytMJadXz72VYYla89np90+Bg== Completed in 100ms
236 timing metavuln:calculate:security-advisory:brace-expansion:1119088 Completed in 331ms
237 http fetch GET 200 https://registry.npmjs.org/qs 338ms (cache miss)
238 timing metavuln:packument:qs Completed in 341ms
239 timing metavuln:load:security-advisory:qs:1119502 Completed in 6ms
240 http fetch GET 200 https://registry.npmjs.org/mime-db/-/mime-db-1.52.0.tgz 729ms (cache miss)
241 timing reifyNode:node_modules/multer/node_modules/mime-db Completed in 757ms
242 http fetch GET 200 https://registry.npmjs.org/multer/-/multer-2.1.1.tgz 733ms (cache miss)
243 timing reifyNode:node_modules/multer Completed in 760ms
244 http fetch GET 200 https://registry.npmjs.org/lodash 382ms (cache miss)
245 timing metavuln:packument:lodash Completed in 383ms
246 timing metavuln:load:security-advisory:lodash:1115806 Completed in 6ms
247 timing metavuln:load:security-advisory:lodash:1115810 Completed in 4ms
248 http fetch GET 200 https://registry.npmjs.org/path-to-regexp 396ms (cache miss)
249 timing metavuln:packument:path-to-regexp Completed in 397ms
250 timing metavuln:load:security-advisory:path-to-regexp:1115573 Completed in 2ms
251 timing metavuln:load:security-advisory:path-to-regexp:1115582 Completed in 3ms
252 timing metavuln:cache:put:security-advisory:qs:qvnFu5Nxt6nk4ZnzBM90Jkp6uhl+WmmOIhp+23qQRnTmnSs41hgsdsDx5uj/JdS2OgYbGnp6tGqfy7F4YN2CIQ== Completed in 66ms
253 timing metavuln:calculate:security-advisory:qs:1119502 Completed in 413ms
254 http fetch GET 200 https://registry.npmjs.org/uuid 426ms (cache miss)
255 timing metavuln:packument:uuid Completed in 427ms
256 timing metavuln:load:security-advisory:uuid:1119441 Completed in 2ms
257 timing metavuln:cache:put:security-advisory:lodash:DNnxUw8Ep7p1YCAJl4A30HMQmsK3uaHxA5fhfuTpXJUBgCvmZbKGD7OWAcfQ2u+fc9lY6ap1BhHpARF9oEarxQ== Completed in 53ms
258 timing metavuln:calculate:security-advisory:lodash:1115806 Completed in 443ms
259 timing metavuln:cache:put:security-advisory:lodash:thshZSsl03tivWaq68PzU+tj1Rdgd6ZGN992B7QB+2oylByv6bvG8a/FXYANJwK5kybQ7+c0hg18JSj4gYikrg== Completed in 52ms
260 timing metavuln:calculate:security-advisory:lodash:1115810 Completed in 447ms
261 timing metavuln:cache:put:security-advisory:path-to-regexp:Sjg1UmmfeOw94MZlAcS3ii61l7C6ePzOlxjnssfD9vvuERRlOOked+o2XX0qGupUQ/tGaWbM+XpD1eyo8MMmNw== Completed in 47ms
262 timing metavuln:calculate:security-advisory:path-to-regexp:1115582 Completed in 450ms
263 timing metavuln:cache:put:security-advisory:path-to-regexp:wYg22v1NfNY6WIsBiruQsrpd8+Ecg01qP1ndZVzVqkuraEYAqQXQwLJeDomBFbS+6cgu5Es7iYz9S6VvR56mIA== Completed in 51ms
264 timing metavuln:calculate:security-advisory:path-to-regexp:1115573 Completed in 450ms
265 http fetch GET 200 https://registry.npmjs.org/mime-types/-/mime-types-2.1.35.tgz 811ms (cache miss)
266 timing reifyNode:node_modules/multer/node_modules/mime-types Completed in 844ms
267 timing metavuln:cache:put:security-advisory:uuid:fjKShcKspemxj7050oTyq4F6Ys6oXOzZoO3QUapp6PgJCcrmTMbXQaxkcJ1QLLNHzsQ9sgLuhrlezjv+hoSUhg== Completed in 32ms
268 timing metavuln:calculate:security-advisory:uuid:1119441 Completed in 461ms
269 http fetch GET 200 https://registry.npmjs.org/cfb/-/cfb-1.2.2.tgz 836ms (cache miss)
270 timing reifyNode:node_modules/cfb Completed in 865ms
271 http fetch GET 200 https://registry.npmjs.org/sequelize 497ms (cache miss)
272 timing metavuln:packument:sequelize Completed in 515ms
273 timing metavuln:load:security-advisory:sequelize:1114318 Completed in 20ms
274 http fetch GET 200 https://registry.npmjs.org/readable-stream/-/readable-stream-3.6.2.tgz 913ms (cache miss)
275 timing reifyNode:node_modules/concat-stream/node_modules/readable-stream Completed in 940ms
276 timing metavuln:cache:put:security-advisory:sequelize:wjhMoLZiiqIacD4+V2lI9921Z2ZeJryL/EpzUzvbYcIegwFDJzNWjjO/YQBa50uUmoyjfCuJxHX0z9qwD769Dg== Completed in 21ms
277 timing metavuln:calculate:security-advisory:sequelize:1114318 Completed in 556ms
278 timing metavuln:cache:get:security-advisory:minimatch:QQJJHT0V9C/T1/fpcCD6r8RsYuU0Anls0Yd+SQIrXbiBxkNgZtQwT3Z7tUVSYIt0iIE4Ly2NsfsRnLSjOwDQIA== Completed in 2ms
279 http fetch GET 200 https://registry.npmjs.org/busboy/-/busboy-1.6.0.tgz 932ms (cache miss)
280 timing reifyNode:node_modules/busboy Completed in 958ms
281 http fetch GET 200 https://registry.npmjs.org/minimatch 61ms (cache miss)
282 timing metavuln:packument:minimatch Completed in 63ms
283 timing metavuln:load:security-advisory:minimatch:C4KPZP2ckDqb4nC9t16WqRz9gHVKgEUhKQOmesTnPGidD2+QM0FrxEBjx9oxcYytMJadXz72VYYla89np90+Bg== Completed in 7ms
284 timing metavuln:cache:put:security-advisory:minimatch:QQJJHT0V9C/T1/fpcCD6r8RsYuU0Anls0Yd+SQIrXbiBxkNgZtQwT3Z7tUVSYIt0iIE4Ly2NsfsRnLSjOwDQIA== Completed in 11ms
285 timing metavuln:calculate:security-advisory:minimatch:C4KPZP2ckDqb4nC9t16WqRz9gHVKgEUhKQOmesTnPGidD2+QM0FrxEBjx9oxcYytMJadXz72VYYla89np90+Bg== Completed in 83ms
286 timing metavuln:cache:get:security-advisory:sequelize:pjVIWIlnKFp5kygyF3qQ0YHXIo4M18pZgK1EPmEcO9fGglx19O2yeHJdondz5uD/7ctbMYPr4VZ8dXBA2OH7/A== Completed in 1ms
287 timing metavuln:load:security-advisory:sequelize:DNnxUw8Ep7p1YCAJl4A30HMQmsK3uaHxA5fhfuTpXJUBgCvmZbKGD7OWAcfQ2u+fc9lY6ap1BhHpARF9oEarxQ== Completed in 55ms
288 timing metavuln:cache:put:security-advisory:sequelize:pjVIWIlnKFp5kygyF3qQ0YHXIo4M18pZgK1EPmEcO9fGglx19O2yeHJdondz5uD/7ctbMYPr4VZ8dXBA2OH7/A== Completed in 11ms
289 timing metavuln:calculate:security-advisory:sequelize:DNnxUw8Ep7p1YCAJl4A30HMQmsK3uaHxA5fhfuTpXJUBgCvmZbKGD7OWAcfQ2u+fc9lY6ap1BhHpARF9oEarxQ== Completed in 67ms
290 timing metavuln:cache:get:security-advisory:router:O/l1vLzjCknUNj45RgohJijU8Mzds73w76LwYICrMjH63gjwM5q290WiN2AIhXeR926ZiqA7Y0ur46O9XjkfGQ== Completed in 1ms
291 http fetch GET 200 https://registry.npmjs.org/router 340ms (cache miss)
292 timing metavuln:packument:router Completed in 346ms
293 timing metavuln:load:security-advisory:router:wYg22v1NfNY6WIsBiruQsrpd8+Ecg01qP1ndZVzVqkuraEYAqQXQwLJeDomBFbS+6cgu5Es7iYz9S6VvR56mIA== Completed in 2ms
294 timing metavuln:cache:put:security-advisory:router:O/l1vLzjCknUNj45RgohJijU8Mzds73w76LwYICrMjH63gjwM5q290WiN2AIhXeR926ZiqA7Y0ur46O9XjkfGQ== Completed in 23ms
295 timing metavuln:calculate:security-advisory:router:wYg22v1NfNY6WIsBiruQsrpd8+Ecg01qP1ndZVzVqkuraEYAqQXQwLJeDomBFbS+6cgu5Es7iYz9S6VvR56mIA== Completed in 371ms
296 timing metavuln:cache:get:security-advisory:anymatch:Nfla9E9Lgs+mqMt1dA/8UaXdCl7sXuZQsKzxwmqxeyDZbX+CRdcfKSFFgjhZ/F0BJR9geE1mRVv3h/ODZoo63g== Completed in 3ms
297 timing metavuln:cache:get:security-advisory:readdirp:O7WXRupQt48LJyZ17mA/uSHYfhYyK7sMYMihjKrTsH3mKxobKArK3CCtifRFqfhAMZFOU4AsOtouYzz86OtBxQ== Completed in 3ms
298 http fetch GET 200 https://registry.npmjs.org/anymatch 64ms (cache miss)
299 timing metavuln:packument:anymatch Completed in 64ms
300 timing metavuln:load:security-advisory:anymatch:GSQ5ghUF1JWDKMssoydWDVRebjlPePRwktLhrdWzXCq5xeBXdo4Cm9HGHnH2b6P1Nq93YjwPmimVjAx6kge32A== Completed in 1ms
301 http fetch GET 200 https://registry.npmjs.org/readdirp 74ms (cache miss)
302 timing metavuln:packument:readdirp Completed in 76ms
303 timing metavuln:load:security-advisory:readdirp:GSQ5ghUF1JWDKMssoydWDVRebjlPePRwktLhrdWzXCq5xeBXdo4Cm9HGHnH2b6P1Nq93YjwPmimVjAx6kge32A== Completed in 1ms
304 timing metavuln:cache:put:security-advisory:anymatch:Nfla9E9Lgs+mqMt1dA/8UaXdCl7sXuZQsKzxwmqxeyDZbX+CRdcfKSFFgjhZ/F0BJR9geE1mRVv3h/ODZoo63g== Completed in 19ms
305 timing metavuln:calculate:security-advisory:anymatch:GSQ5ghUF1JWDKMssoydWDVRebjlPePRwktLhrdWzXCq5xeBXdo4Cm9HGHnH2b6P1Nq93YjwPmimVjAx6kge32A== Completed in 85ms
306 timing metavuln:cache:put:security-advisory:readdirp:O7WXRupQt48LJyZ17mA/uSHYfhYyK7sMYMihjKrTsH3mKxobKArK3CCtifRFqfhAMZFOU4AsOtouYzz86OtBxQ== Completed in 10ms
307 timing metavuln:calculate:security-advisory:readdirp:GSQ5ghUF1JWDKMssoydWDVRebjlPePRwktLhrdWzXCq5xeBXdo4Cm9HGHnH2b6P1Nq93YjwPmimVjAx6kge32A== Completed in 87ms
308 timing metavuln:cache:get:security-advisory:body-parser:1Yc+dowQaQUfpQUvOBdqD7V3KCvvUOMOzNtvDs1aIPWV7RKfJLiDxd+dz5dYw4VpSHD1qZNn6kgDSkeBJuZ/og== Completed in 3ms
309 timing metavuln:cache:get:security-advisory:express:qaWvda/YwJE/SKLGmXsOYcBWoBFSv7SDjwMkv+7ODkTKtopoaPNSCBK6OI4Bqa5NpSZmzz99V4cwrzmvwPb1Wg== Completed in 2ms
310 http fetch GET 200 https://registry.npmjs.org/xlsx/-/xlsx-0.18.5.tgz 1583ms (cache miss)
311 timing reifyNode:node_modules/xlsx Completed in 1609ms
312 http fetch GET 200 https://registry.npmjs.org/body-parser 50ms (cache miss)
313 timing metavuln:packument:body-parser Completed in 52ms
314 timing metavuln:load:security-advisory:body-parser:qvnFu5Nxt6nk4ZnzBM90Jkp6uhl+WmmOIhp+23qQRnTmnSs41hgsdsDx5uj/JdS2OgYbGnp6tGqfy7F4YN2CIQ== Completed in 17ms
315 timing metavuln:cache:put:security-advisory:body-parser:1Yc+dowQaQUfpQUvOBdqD7V3KCvvUOMOzNtvDs1aIPWV7RKfJLiDxd+dz5dYw4VpSHD1qZNn6kgDSkeBJuZ/og== Completed in 12ms
316 timing metavuln:calculate:security-advisory:body-parser:qvnFu5Nxt6nk4ZnzBM90Jkp6uhl+WmmOIhp+23qQRnTmnSs41hgsdsDx5uj/JdS2OgYbGnp6tGqfy7F4YN2CIQ== Completed in 81ms
317 http fetch GET 200 https://registry.npmjs.org/express 337ms (cache miss)
318 timing metavuln:packument:express Completed in 340ms
319 timing metavuln:load:security-advisory:express:qvnFu5Nxt6nk4ZnzBM90Jkp6uhl+WmmOIhp+23qQRnTmnSs41hgsdsDx5uj/JdS2OgYbGnp6tGqfy7F4YN2CIQ== Completed in 10ms
320 timing metavuln:cache:put:security-advisory:express:qaWvda/YwJE/SKLGmXsOYcBWoBFSv7SDjwMkv+7ODkTKtopoaPNSCBK6OI4Bqa5NpSZmzz99V4cwrzmvwPb1Wg== Completed in 7ms
321 timing metavuln:calculate:security-advisory:express:qvnFu5Nxt6nk4ZnzBM90Jkp6uhl+WmmOIhp+23qQRnTmnSs41hgsdsDx5uj/JdS2OgYbGnp6tGqfy7F4YN2CIQ== Completed in 357ms
322 timing metavuln:cache:get:security-advisory:@azure/msal-node:xg+TDmmJSBciZX1WYm266VUSr83azuxU6BCIXRqWTcxNYkor+6Ctp/IzPrjhJ+qVtDleaObe2xOzOrBk6pRBsg== Completed in 1ms
323 timing metavuln:cache:get:security-advisory:sequelize:FYBoHQX+it6POas5dOU2r5Ay1UVECdSHWc53rj7FSJlLWRuPXvHa04vp2iiMDQQeJNqMQjjQIdu5qpdHI534nw== Completed in 0ms
324 timing metavuln:load:security-advisory:sequelize:fjKShcKspemxj7050oTyq4F6Ys6oXOzZoO3QUapp6PgJCcrmTMbXQaxkcJ1QLLNHzsQ9sgLuhrlezjv+hoSUhg== Completed in 22ms
325 timing metavuln:cache:put:security-advisory:sequelize:FYBoHQX+it6POas5dOU2r5Ay1UVECdSHWc53rj7FSJlLWRuPXvHa04vp2iiMDQQeJNqMQjjQIdu5qpdHI534nw== Completed in 7ms
326 timing metavuln:calculate:security-advisory:sequelize:fjKShcKspemxj7050oTyq4F6Ys6oXOzZoO3QUapp6PgJCcrmTMbXQaxkcJ1QLLNHzsQ9sgLuhrlezjv+hoSUhg== Completed in 29ms
327 http fetch GET 200 https://registry.npmjs.org/codepage/-/codepage-1.15.0.tgz 2007ms (cache miss)
328 timing reifyNode:node_modules/codepage Completed in 2030ms
329 timing reify:unpack Completed in 2032ms
330 timing reify:unretire Completed in 0ms
331 timing build:queue Completed in 2ms
332 timing build:link:node_modules/crc-32 Completed in 8ms
333 timing build:link:node_modules/xlsx Completed in 7ms
334 timing build:link Completed in 8ms
335 timing build:deps Completed in 11ms
336 timing build Completed in 11ms
337 timing reify:build Completed in 12ms
338 timing reify:trash Completed in 1ms
339 timing reify:save Completed in 111ms
340 http fetch GET 200 https://registry.npmjs.org/@azure%2fmsal-node 511ms (cache miss)
341 timing metavuln:packument:@azure/msal-node Completed in 514ms
342 timing metavuln:load:security-advisory:@azure/msal-node:fjKShcKspemxj7050oTyq4F6Ys6oXOzZoO3QUapp6PgJCcrmTMbXQaxkcJ1QLLNHzsQ9sgLuhrlezjv+hoSUhg== Completed in 3ms
343 timing metavuln:cache:put:security-advisory:@azure/msal-node:xg+TDmmJSBciZX1WYm266VUSr83azuxU6BCIXRqWTcxNYkor+6Ctp/IzPrjhJ+qVtDleaObe2xOzOrBk6pRBsg== Completed in 6ms
344 timing metavuln:calculate:security-advisory:@azure/msal-node:fjKShcKspemxj7050oTyq4F6Ys6oXOzZoO3QUapp6PgJCcrmTMbXQaxkcJ1QLLNHzsQ9sgLuhrlezjv+hoSUhg== Completed in 523ms
345 timing metavuln:cache:get:security-advisory:@azure/identity:btdU0AGs5B4qbujjTIL6huB1yiBllWNhvXj2ZVW/dnujRBnRdvejXOHzYyZyj3UeXZD2PxAWg5aVxmABBMbzUQ== Completed in 1ms
346 http fetch GET 200 https://registry.npmjs.org/@azure%2fidentity 391ms (cache miss)
347 timing metavuln:packument:@azure/identity Completed in 408ms
348 timing metavuln:load:security-advisory:@azure/identity:xg+TDmmJSBciZX1WYm266VUSr83azuxU6BCIXRqWTcxNYkor+6Ctp/IzPrjhJ+qVtDleaObe2xOzOrBk6pRBsg== Completed in 56ms
349 timing metavuln:cache:put:security-advisory:@azure/identity:btdU0AGs5B4qbujjTIL6huB1yiBllWNhvXj2ZVW/dnujRBnRdvejXOHzYyZyj3UeXZD2PxAWg5aVxmABBMbzUQ== Completed in 10ms
350 timing metavuln:calculate:security-advisory:@azure/identity:xg+TDmmJSBciZX1WYm266VUSr83azuxU6BCIXRqWTcxNYkor+6Ctp/IzPrjhJ+qVtDleaObe2xOzOrBk6pRBsg== Completed in 474ms
351 timing metavuln:cache:get:security-advisory:tedious:vorByOK1MgcZMUMnROzVA97i+j4BV7o5OtosR7G6Nh5yb2WLEg5wrY6vQb9/zpHhoJvWt1CXDTT8ReslRsnrew== Completed in 0ms
352 http fetch GET 200 https://registry.npmjs.org/tedious 327ms (cache miss)
353 timing metavuln:packument:tedious Completed in 329ms
354 timing metavuln:load:security-advisory:tedious:btdU0AGs5B4qbujjTIL6huB1yiBllWNhvXj2ZVW/dnujRBnRdvejXOHzYyZyj3UeXZD2PxAWg5aVxmABBMbzUQ== Completed in 21ms
355 timing metavuln:cache:put:security-advisory:tedious:vorByOK1MgcZMUMnROzVA97i+j4BV7o5OtosR7G6Nh5yb2WLEg5wrY6vQb9/zpHhoJvWt1CXDTT8ReslRsnrew== Completed in 8ms
356 timing metavuln:calculate:security-advisory:tedious:btdU0AGs5B4qbujjTIL6huB1yiBllWNhvXj2ZVW/dnujRBnRdvejXOHzYyZyj3UeXZD2PxAWg5aVxmABBMbzUQ== Completed in 360ms
357 timing auditReport:init Completed in 2894ms
358 timing reify:audit Completed in 3291ms
359 timing reify Completed in 6108ms
360 silly ADD node_modules/util-deprecate
361 silly ADD node_modules/frac
362 silly ADD node_modules/word
363 silly ADD node_modules/wmf
364 silly ADD node_modules/ssf
365 silly ADD node_modules/crc-32
366 silly ADD node_modules/codepage
367 silly ADD node_modules/cfb
368 silly ADD node_modules/adler-32
369 silly ADD node_modules/typedarray
370 silly ADD node_modules/buffer-from
371 silly ADD node_modules/streamsearch
372 silly ADD node_modules/concat-stream
373 silly ADD node_modules/concat-stream/node_modules/readable-stream
374 silly ADD node_modules/busboy
375 silly ADD node_modules/append-field
376 silly ADD node_modules/xlsx
377 silly ADD node_modules/multer
378 silly ADD node_modules/multer/node_modules/mime-db
379 silly ADD node_modules/multer/node_modules/mime-types
380 silly ADD node_modules/multer/node_modules/media-typer
381 silly ADD node_modules/multer/node_modules/type-is
382 silly ADD node_modules/@types/multer
383 silly ADD
384 timing command:install Completed in 6138ms
385 notice
385 notice New major version of npm available! 10.2.3 -> 11.16.0
385 notice Changelog: <https://github.com/npm/cli/releases/tag/v11.16.0>
385 notice Run `npm install -g npm@11.16.0` to update!
385 notice
386 verbose exit 0
387 timing npm Completed in 7603ms
388 info ok
